<?xml version="1.0" encoding="UTF-8"?>
<coverage generated="1750061120">
  <project timestamp="1750061120">
    <file name="/home/runner/work/fastfony/fastfony/src/Admin/Field/Json.php">
      <class name="App\Admin\Field\Json" namespace="global">
        <metrics complexity="1" methods="1" coveredmethods="1" conditionals="0" coveredconditionals="0" statements="5" coveredstatements="5" elements="6" coveredelements="6"/>
      </class>
      <line num="15" type="method" name="new" visibility="public" complexity="1" crap="1" count="3"/>
      <line num="17" type="stmt" count="3"/>
      <line num="18" type="stmt" count="3"/>
      <line num="19" type="stmt" count="3"/>
      <line num="20" type="stmt" count="3"/>
      <line num="21" type="stmt" count="3"/>
      <metrics loc="24" ncloc="24" classes="1" methods="1" coveredmethods="1" conditionals="0" coveredconditionals="0" statements="5" coveredstatements="5" elements="6" coveredelements="6"/>
    </file>
    <file name="/home/runner/work/fastfony/fastfony/src/Admin/Field/RichTextEditor.php">
      <class name="App\Admin\Field\RichTextEditor" namespace="global">
        <metrics complexity="1" methods="1" coveredmethods="1" conditionals="0" coveredconditionals="0" statements="6" coveredstatements="6" elements="7" coveredelements="7"/>
      </class>
      <line num="15" type="method" name="new" visibility="public" complexity="1" crap="1" count="3"/>
      <line num="17" type="stmt" count="3"/>
      <line num="18" type="stmt" count="3"/>
      <line num="19" type="stmt" count="3"/>
      <line num="20" type="stmt" count="3"/>
      <line num="21" type="stmt" count="3"/>
      <line num="22" type="stmt" count="3"/>
      <metrics loc="25" ncloc="25" classes="1" methods="1" coveredmethods="1" conditionals="0" coveredconditionals="0" statements="6" coveredstatements="6" elements="7" coveredelements="7"/>
    </file>
    <file name="/home/runner/work/fastfony/fastfony/src/Admin/Field/VichImageField.php">
      <class name="App\Admin\Field\VichImageField" namespace="global">
        <metrics complexity="1" methods="1" coveredmethods="1" conditionals="0" coveredconditionals="0" statements="9" coveredstatements="9" elements="10" coveredelements="10"/>
      </class>
      <line num="16" type="method" name="new" visibility="public" complexity="1" crap="1" count="1"/>
      <line num="18" type="stmt" count="1"/>
      <line num="19" type="stmt" count="1"/>
      <line num="20" type="stmt" count="1"/>
      <line num="21" type="stmt" count="1"/>
      <line num="22" type="stmt" count="1"/>
      <line num="23" type="stmt" count="1"/>
      <line num="24" type="stmt" count="1"/>
      <line num="25" type="stmt" count="1"/>
      <line num="26" type="stmt" count="1"/>
      <metrics loc="29" ncloc="29" classes="1" methods="1" coveredmethods="1" conditionals="0" coveredconditionals="0" statements="9" coveredstatements="9" elements="10" coveredelements="10"/>
    </file>
    <file name="/home/runner/work/fastfony/fastfony/src/Controller/Admin/ContactRequestCrud.php">
      <class name="App\Controller\Admin\ContactRequestCrud" namespace="global">
        <metrics complexity="4" methods="4" coveredmethods="4" conditionals="0" coveredconditionals="0" statements="20" coveredstatements="20" elements="24" coveredelements="24"/>
      </class>
      <line num="22" type="method" name="getEntityFqcn" visibility="public" complexity="1" crap="1" count="1"/>
      <line num="24" type="stmt" count="1"/>
      <line num="30" type="method" name="configureFields" visibility="public" complexity="1" crap="1" count="1"/>
      <line num="32" type="stmt" count="1"/>
      <line num="33" type="stmt" count="1"/>
      <line num="34" type="stmt" count="1"/>
      <line num="35" type="stmt" count="1"/>
      <line num="36" type="stmt" count="1"/>
      <line num="37" type="stmt" count="1"/>
      <line num="38" type="stmt" count="1"/>
      <line num="39" type="stmt" count="1"/>
      <line num="42" type="method" name="configureActions" visibility="public" complexity="1" crap="1" count="1"/>
      <line num="44" type="stmt" count="1"/>
      <line num="45" type="stmt" count="1"/>
      <line num="46" type="stmt" count="1"/>
      <line num="47" type="stmt" count="1"/>
      <line num="49" type="stmt" count="1"/>
      <line num="52" type="method" name="configureFilters" visibility="public" complexity="1" crap="1" count="1"/>
      <line num="54" type="stmt" count="1"/>
      <line num="55" type="stmt" count="1"/>
      <line num="56" type="stmt" count="1"/>
      <line num="57" type="stmt" count="1"/>
      <line num="58" type="stmt" count="1"/>
      <line num="59" type="stmt" count="1"/>
      <metrics loc="62" ncloc="59" classes="1" methods="4" coveredmethods="4" conditionals="0" coveredconditionals="0" statements="20" coveredstatements="20" elements="24" coveredelements="24"/>
    </file>
    <file name="/home/runner/work/fastfony/fastfony/src/Controller/Admin/Dashboard.php">
      <class name="App\Controller\Admin\Dashboard" namespace="global">
        <metrics complexity="13" methods="6" coveredmethods="4" conditionals="0" coveredconditionals="0" statements="40" coveredstatements="36" elements="46" coveredelements="40"/>
      </class>
      <line num="29" type="method" name="__construct" visibility="public" complexity="1" crap="1" count="8"/>
      <line num="33" type="stmt" count="8"/>
      <line num="35" type="method" name="index" visibility="public" complexity="1" crap="2" count="0"/>
      <line num="37" type="stmt" count="0"/>
      <line num="40" type="method" name="configureDashboard" visibility="public" complexity="1" crap="1" count="8"/>
      <line num="42" type="stmt" count="8"/>
      <line num="43" type="stmt" count="8"/>
      <line num="44" type="stmt" count="8"/>
      <line num="45" type="stmt" count="8"/>
      <line num="46" type="stmt" count="8"/>
      <line num="49" type="method" name="configureCrud" visibility="public" complexity="1" crap="1" count="8"/>
      <line num="51" type="stmt" count="8"/>
      <line num="52" type="stmt" count="8"/>
      <line num="53" type="stmt" count="8"/>
      <line num="54" type="stmt" count="8"/>
      <line num="57" type="method" name="configureAssets" visibility="public" complexity="1" crap="1" count="8"/>
      <line num="59" type="stmt" count="8"/>
      <line num="60" type="stmt" count="8"/>
      <line num="61" type="stmt" count="8"/>
      <line num="67" type="method" name="configureMenuItems" visibility="public" complexity="8" crap="8.10" count="7"/>
      <line num="69" type="stmt" count="7"/>
      <line num="70" type="stmt" count="7"/>
      <line num="71" type="stmt" count="0"/>
      <line num="74" type="stmt" count="7"/>
      <line num="76" type="stmt" count="7"/>
      <line num="77" type="stmt" count="0"/>
      <line num="80" type="stmt" count="7"/>
      <line num="81" type="stmt" count="7"/>
      <line num="84" type="stmt" count="7"/>
      <line num="85" type="stmt" count="7"/>
      <line num="86" type="stmt" count="7"/>
      <line num="89" type="stmt" count="7"/>
      <line num="91" type="stmt" count="7"/>
      <line num="92" type="stmt" count="0"/>
      <line num="95" type="stmt" count="7"/>
      <line num="96" type="stmt" count="7"/>
      <line num="97" type="stmt" count="7"/>
      <line num="98" type="stmt" count="7"/>
      <line num="101" type="stmt" count="7"/>
      <line num="102" type="stmt" count="7"/>
      <line num="103" type="stmt" count="7"/>
      <line num="106" type="stmt" count="7"/>
      <line num="107" type="stmt" count="7"/>
      <line num="108" type="stmt" count="7"/>
      <line num="109" type="stmt" count="7"/>
      <line num="110" type="stmt" count="7"/>
      <metrics loc="113" ncloc="110" classes="1" methods="6" coveredmethods="4" conditionals="0" coveredconditionals="0" statements="40" coveredstatements="36" elements="46" coveredelements="40"/>
    </file>
    <file name="/home/runner/work/fastfony/fastfony/src/Controller/Admin/Feature/Index.php">
      <class name="App\Controller\Admin\Feature\Index" namespace="global">
        <metrics complexity="6" methods="2" coveredmethods="1" conditionals="0" coveredconditionals="0" statements="17" coveredstatements="14" elements="19" coveredelements="15"/>
      </class>
      <line num="19" type="method" name="__construct" visibility="public" complexity="1" crap="1" count="1"/>
      <line num="23" type="stmt" count="1"/>
      <line num="28" type="method" name="__invoke" visibility="public" complexity="5" crap="5.16" count="1"/>
      <line num="33" type="stmt" count="1"/>
      <line num="34" type="stmt" count="1"/>
      <line num="35" type="stmt" count="1"/>
      <line num="36" type="stmt" count="1"/>
      <line num="38" type="stmt" count="1"/>
      <line num="39" type="stmt" count="1"/>
      <line num="41" type="stmt" count="1"/>
      <line num="43" type="stmt" count="1"/>
      <line num="44" type="stmt" count="0"/>
      <line num="45" type="stmt" count="0"/>
      <line num="47" type="stmt" count="0"/>
      <line num="50" type="stmt" count="1"/>
      <line num="53" type="stmt" count="1"/>
      <line num="57" type="stmt" count="1"/>
      <line num="58" type="stmt" count="1"/>
      <line num="59" type="stmt" count="1"/>
      <metrics loc="62" ncloc="58" classes="1" methods="2" coveredmethods="1" conditionals="0" coveredconditionals="0" statements="17" coveredstatements="14" elements="19" coveredelements="15"/>
    </file>
    <file name="/home/runner/work/fastfony/fastfony/src/Controller/Admin/GroupCrud.php">
      <class name="App\Controller\Admin\GroupCrud" namespace="global">
        <metrics complexity="7" methods="6" coveredmethods="5" conditionals="0" coveredconditionals="0" statements="40" coveredstatements="39" elements="46" coveredelements="44"/>
      </class>
      <line num="25" type="method" name="__construct" visibility="public" complexity="1" crap="1" count="1"/>
      <line num="29" type="stmt" count="1"/>
      <line num="31" type="method" name="getEntityFqcn" visibility="public" complexity="1" crap="1" count="1"/>
      <line num="33" type="stmt" count="1"/>
      <line num="39" type="method" name="configureFields" visibility="public" complexity="1" crap="1" count="1"/>
      <line num="41" type="stmt" count="1"/>
      <line num="42" type="stmt" count="1"/>
      <line num="43" type="stmt" count="1"/>
      <line num="44" type="stmt" count="1"/>
      <line num="45" type="stmt" count="1"/>
      <line num="46" type="stmt" count="1"/>
      <line num="47" type="stmt" count="1"/>
      <line num="48" type="stmt" count="1"/>
      <line num="49" type="stmt" count="1"/>
      <line num="50" type="stmt" count="1"/>
      <line num="51" type="stmt" count="1"/>
      <line num="52" type="stmt" count="1"/>
      <line num="53" type="stmt" count="1"/>
      <line num="56" type="method" name="configureCrud" visibility="public" complexity="1" crap="1" count="1"/>
      <line num="58" type="stmt" count="1"/>
      <line num="59" type="stmt" count="1"/>
      <line num="60" type="stmt" count="1"/>
      <line num="63" type="method" name="configureActions" visibility="public" complexity="2" crap="2.00" count="1"/>
      <line num="65" type="stmt" count="1"/>
      <line num="66" type="stmt" count="0"/>
      <line num="69" type="stmt" count="1"/>
      <line num="70" type="stmt" count="1"/>
      <line num="71" type="stmt" count="1"/>
      <line num="72" type="stmt" count="1"/>
      <line num="73" type="stmt" count="1"/>
      <line num="74" type="stmt" count="1"/>
      <line num="75" type="stmt" count="1"/>
      <line num="76" type="stmt" count="1"/>
      <line num="77" type="stmt" count="1"/>
      <line num="78" type="stmt" count="1"/>
      <line num="79" type="stmt" count="1"/>
      <line num="80" type="stmt" count="1"/>
      <line num="81" type="stmt" count="1"/>
      <line num="83" type="stmt" count="1"/>
      <line num="84" type="stmt" count="1"/>
      <line num="85" type="stmt" count="1"/>
      <line num="88" type="method" name="configureFilters" visibility="public" complexity="1" crap="1" count="1"/>
      <line num="90" type="stmt" count="1"/>
      <line num="91" type="stmt" count="1"/>
      <line num="92" type="stmt" count="1"/>
      <line num="93" type="stmt" count="1"/>
      <metrics loc="96" ncloc="93" classes="1" methods="6" coveredmethods="5" conditionals="0" coveredconditionals="0" statements="40" coveredstatements="39" elements="46" coveredelements="44"/>
    </file>
    <file name="/home/runner/work/fastfony/fastfony/src/Controller/Admin/GroupRole/Matrix.php">
      <class name="App\Controller\Admin\GroupRole\Matrix" namespace="global">
        <metrics complexity="1" methods="1" coveredmethods="1" conditionals="0" coveredconditionals="0" statements="4" coveredstatements="4" elements="5" coveredelements="5"/>
      </class>
      <line num="18" type="method" name="__invoke" visibility="public" complexity="1" crap="1" count="1"/>
      <line num="24" type="stmt" count="1"/>
      <line num="25" type="stmt" count="1"/>
      <line num="26" type="stmt" count="1"/>
      <line num="27" type="stmt" count="1"/>
      <metrics loc="30" ncloc="27" classes="1" methods="1" coveredmethods="1" conditionals="0" coveredconditionals="0" statements="4" coveredstatements="4" elements="5" coveredelements="5"/>
    </file>
    <file name="/home/runner/work/fastfony/fastfony/src/Controller/Admin/GroupRole/Toggle.php">
      <class name="App\Controller\Admin\GroupRole\Toggle" namespace="global">
        <metrics complexity="3" methods="2" coveredmethods="2" conditionals="0" coveredconditionals="0" statements="19" coveredstatements="19" elements="21" coveredelements="21"/>
      </class>
      <line num="18" type="method" name="__construct" visibility="public" complexity="1" crap="1" count="1"/>
      <line num="23" type="stmt" count="1"/>
      <line num="25" type="method" name="__invoke" visibility="public" complexity="2" crap="2" count="1"/>
      <line num="29" type="stmt" count="1"/>
      <line num="30" type="stmt" count="1"/>
      <line num="31" type="stmt" count="1"/>
      <line num="33" type="stmt" count="1"/>
      <line num="34" type="stmt" count="1"/>
      <line num="35" type="stmt" count="1"/>
      <line num="37" type="stmt" count="1"/>
      <line num="38" type="stmt" count="1"/>
      <line num="41" type="stmt" count="1"/>
      <line num="43" type="stmt" count="1"/>
      <line num="44" type="stmt" count="1"/>
      <line num="45" type="stmt" count="1"/>
      <line num="46" type="stmt" count="1"/>
      <line num="47" type="stmt" count="1"/>
      <line num="48" type="stmt" count="1"/>
      <line num="50" type="stmt" count="1"/>
      <line num="51" type="stmt" count="1"/>
      <line num="52" type="stmt" count="1"/>
      <metrics loc="55" ncloc="55" classes="1" methods="2" coveredmethods="2" conditionals="0" coveredconditionals="0" statements="19" coveredstatements="19" elements="21" coveredelements="21"/>
    </file>
    <file name="/home/runner/work/fastfony/fastfony/src/Controller/Admin/MessengerMonitorController.php">
      <class name="App\Controller\Admin\MessengerMonitorController" namespace="global">
        <metrics complexity="0" methods="0" coveredmethods="0" conditionals="0" coveredconditionals="0" statements="0" coveredstatements="0" elements="0" coveredelements="0"/>
      </class>
      <metrics loc="15" ncloc="14" classes="0" methods="0" coveredmethods="0" conditionals="0" coveredconditionals="0" statements="0" coveredstatements="0" elements="0" coveredelements="0"/>
    </file>
    <file name="/home/runner/work/fastfony/fastfony/src/Controller/Admin/PageCrud.php">
      <class name="App\Controller\Admin\PageCrud" namespace="global">
        <metrics complexity="7" methods="5" coveredmethods="4" conditionals="0" coveredconditionals="0" statements="89" coveredstatements="88" elements="94" coveredelements="92"/>
      </class>
      <line num="29" type="method" name="__construct" visibility="public" complexity="1" crap="1" count="2"/>
      <line num="34" type="stmt" count="2"/>
      <line num="36" type="method" name="getEntityFqcn" visibility="public" complexity="1" crap="1" count="1"/>
      <line num="38" type="stmt" count="1"/>
      <line num="41" type="method" name="configureCrud" visibility="public" complexity="1" crap="1" count="2"/>
      <line num="43" type="stmt" count="2"/>
      <line num="44" type="stmt" count="2"/>
      <line num="45" type="stmt" count="2"/>
      <line num="46" type="stmt" count="2"/>
      <line num="49" type="method" name="configureActions" visibility="public" complexity="3" crap="3" count="2"/>
      <line num="51" type="stmt" count="2"/>
      <line num="52" type="stmt" count="0"/>
      <line num="55" type="stmt" count="2"/>
      <line num="56" type="stmt" count="2"/>
      <line num="57" type="stmt" count="2"/>
      <line num="58" type="stmt" count="1"/>
      <line num="59" type="stmt" count="1"/>
      <line num="60" type="stmt" count="1"/>
      <line num="61" type="stmt" count="1"/>
      <line num="62" type="stmt" count="1"/>
      <line num="63" type="stmt" count="1"/>
      <line num="64" type="stmt" count="2"/>
      <line num="65" type="stmt" count="2"/>
      <line num="66" type="stmt" count="2"/>
      <line num="67" type="stmt" count="2"/>
      <line num="68" type="stmt" count="2"/>
      <line num="69" type="stmt" count="2"/>
      <line num="70" type="stmt" count="2"/>
      <line num="71" type="stmt" count="2"/>
      <line num="72" type="stmt" count="2"/>
      <line num="73" type="stmt" count="2"/>
      <line num="74" type="stmt" count="2"/>
      <line num="75" type="stmt" count="2"/>
      <line num="76" type="stmt" count="2"/>
      <line num="77" type="stmt" count="2"/>
      <line num="78" type="stmt" count="2"/>
      <line num="79" type="stmt" count="2"/>
      <line num="80" type="stmt" count="2"/>
      <line num="82" type="stmt" count="2"/>
      <line num="83" type="stmt" count="2"/>
      <line num="84" type="stmt" count="2"/>
      <line num="85" type="stmt" count="1"/>
      <line num="86" type="stmt" count="1"/>
      <line num="89" type="stmt" count="1"/>
      <line num="90" type="stmt" count="2"/>
      <line num="91" type="stmt" count="2"/>
      <line num="92" type="stmt" count="2"/>
      <line num="93" type="stmt" count="2"/>
      <line num="94" type="stmt" count="2"/>
      <line num="96" type="stmt" count="2"/>
      <line num="97" type="stmt" count="2"/>
      <line num="98" type="stmt" count="2"/>
      <line num="99" type="stmt" count="2"/>
      <line num="100" type="stmt" count="2"/>
      <line num="101" type="stmt" count="2"/>
      <line num="102" type="stmt" count="2"/>
      <line num="104" type="stmt" count="2"/>
      <line num="110" type="method" name="configureFields" visibility="public" complexity="1" crap="1" count="2"/>
      <line num="112" type="stmt" count="2"/>
      <line num="113" type="stmt" count="2"/>
      <line num="114" type="stmt" count="2"/>
      <line num="115" type="stmt" count="2"/>
      <line num="116" type="stmt" count="2"/>
      <line num="117" type="stmt" count="2"/>
      <line num="118" type="stmt" count="2"/>
      <line num="119" type="stmt" count="2"/>
      <line num="120" type="stmt" count="2"/>
      <line num="121" type="stmt" count="2"/>
      <line num="122" type="stmt" count="2"/>
      <line num="123" type="stmt" count="2"/>
      <line num="124" type="stmt" count="2"/>
      <line num="125" type="stmt" count="2"/>
      <line num="126" type="stmt" count="2"/>
      <line num="127" type="stmt" count="2"/>
      <line num="128" type="stmt" count="2"/>
      <line num="129" type="stmt" count="2"/>
      <line num="130" type="stmt" count="2"/>
      <line num="131" type="stmt" count="2"/>
      <line num="132" type="stmt" count="2"/>
      <line num="133" type="stmt" count="2"/>
      <line num="134" type="stmt" count="2"/>
      <line num="135" type="stmt" count="2"/>
      <line num="136" type="stmt" count="2"/>
      <line num="137" type="stmt" count="2"/>
      <line num="138" type="stmt" count="2"/>
      <line num="139" type="stmt" count="2"/>
      <line num="140" type="stmt" count="2"/>
      <line num="141" type="stmt" count="2"/>
      <line num="142" type="stmt" count="2"/>
      <line num="143" type="stmt" count="2"/>
      <line num="144" type="stmt" count="2"/>
      <line num="145" type="stmt" count="2"/>
      <line num="146" type="stmt" count="2"/>
      <line num="147" type="stmt" count="2"/>
      <metrics loc="150" ncloc="147" classes="1" methods="5" coveredmethods="4" conditionals="0" coveredconditionals="0" statements="89" coveredstatements="88" elements="94" coveredelements="92"/>
    </file>
    <file name="/home/runner/work/fastfony/fastfony/src/Controller/Admin/PageLogEntryCrud.php">
      <class name="App\Controller\Admin\PageLogEntryCrud" namespace="global">
        <metrics complexity="11" methods="7" coveredmethods="5" conditionals="0" coveredconditionals="0" statements="44" coveredstatements="28" elements="51" coveredelements="33"/>
      </class>
      <line num="31" type="method" name="__construct" visibility="public" complexity="1" crap="1" count="1"/>
      <line num="37" type="stmt" count="1"/>
      <line num="39" type="method" name="getEntityFqcn" visibility="public" complexity="1" crap="1" count="1"/>
      <line num="41" type="stmt" count="1"/>
      <line num="44" type="method" name="configureCrud" visibility="public" complexity="1" crap="1" count="1"/>
      <line num="46" type="stmt" count="1"/>
      <line num="47" type="stmt" count="1"/>
      <line num="48" type="stmt" count="1"/>
      <line num="49" type="stmt" count="1"/>
      <line num="52" type="method" name="configureActions" visibility="public" complexity="4" crap="4.00" count="1"/>
      <line num="54" type="stmt" count="1"/>
      <line num="55" type="stmt" count="0"/>
      <line num="58" type="stmt" count="1"/>
      <line num="60" type="stmt" count="1"/>
      <line num="61" type="stmt" count="1"/>
      <line num="62" type="stmt" count="1"/>
      <line num="63" type="stmt" count="1"/>
      <line num="65" type="stmt" count="1"/>
      <line num="68" type="stmt" count="1"/>
      <line num="69" type="stmt" count="1"/>
      <line num="70" type="stmt" count="1"/>
      <line num="72" type="stmt" count="1"/>
      <line num="73" type="stmt" count="1"/>
      <line num="74" type="stmt" count="1"/>
      <line num="75" type="stmt" count="1"/>
      <line num="81" type="method" name="configureFields" visibility="public" complexity="1" crap="1" count="1"/>
      <line num="83" type="stmt" count="1"/>
      <line num="84" type="stmt" count="1"/>
      <line num="85" type="stmt" count="1"/>
      <line num="86" type="stmt" count="1"/>
      <line num="87" type="stmt" count="1"/>
      <line num="90" type="method" name="configureFilters" visibility="public" complexity="1" crap="1" count="1"/>
      <line num="92" type="stmt" count="1"/>
      <line num="93" type="stmt" count="1"/>
      <line num="94" type="stmt" count="1"/>
      <line num="97" type="method" name="revertToPreviousVersion" visibility="public" complexity="2" crap="6" count="0"/>
      <line num="100" type="stmt" count="0"/>
      <line num="101" type="stmt" count="0"/>
      <line num="102" type="stmt" count="0"/>
      <line num="104" type="stmt" count="0"/>
      <line num="105" type="stmt" count="0"/>
      <line num="106" type="stmt" count="0"/>
      <line num="107" type="stmt" count="0"/>
      <line num="109" type="stmt" count="0"/>
      <line num="110" type="stmt" count="0"/>
      <line num="111" type="stmt" count="0"/>
      <line num="112" type="stmt" count="0"/>
      <line num="113" type="stmt" count="0"/>
      <line num="114" type="stmt" count="0"/>
      <line num="115" type="stmt" count="0"/>
      <line num="118" type="stmt" count="0"/>
      <metrics loc="121" ncloc="117" classes="1" methods="7" coveredmethods="5" conditionals="0" coveredconditionals="0" statements="44" coveredstatements="28" elements="51" coveredelements="33"/>
    </file>
    <file name="/home/runner/work/fastfony/fastfony/src/Controller/Admin/Parameter/Index.php">
      <class name="App\Controller\Admin\Parameter\Index" namespace="global">
        <metrics complexity="1" methods="1" coveredmethods="1" conditionals="0" coveredconditionals="0" statements="1" coveredstatements="1" elements="2" coveredelements="2"/>
      </class>
      <line num="16" type="method" name="__invoke" visibility="public" complexity="1" crap="1" count="1"/>
      <line num="21" type="stmt" count="1"/>
      <metrics loc="24" ncloc="20" classes="1" methods="1" coveredmethods="1" conditionals="0" coveredconditionals="0" statements="1" coveredstatements="1" elements="2" coveredelements="2"/>
    </file>
    <file name="/home/runner/work/fastfony/fastfony/src/Controller/Admin/Parameter/ParameterCategoryCrud.php">
      <class name="App\Controller\Admin\Parameter\ParameterCategoryCrud" namespace="global">
        <metrics complexity="2" methods="2" coveredmethods="2" conditionals="0" coveredconditionals="0" statements="5" coveredstatements="5" elements="7" coveredelements="7"/>
      </class>
      <line num="13" type="method" name="getEntityFqcn" visibility="public" complexity="1" crap="1" count="1"/>
      <line num="15" type="stmt" count="1"/>
      <line num="18" type="method" name="configureCrud" visibility="public" complexity="1" crap="1" count="1"/>
      <line num="20" type="stmt" count="1"/>
      <line num="21" type="stmt" count="1"/>
      <line num="22" type="stmt" count="1"/>
      <line num="23" type="stmt" count="1"/>
      <metrics loc="26" ncloc="26" classes="1" methods="2" coveredmethods="2" conditionals="0" coveredconditionals="0" statements="5" coveredstatements="5" elements="7" coveredelements="7"/>
    </file>
    <file name="/home/runner/work/fastfony/fastfony/src/Controller/Admin/Parameter/ParameterCrud.php">
      <class name="App\Controller\Admin\Parameter\ParameterCrud" namespace="global">
        <metrics complexity="7" methods="6" coveredmethods="6" conditionals="0" coveredconditionals="0" statements="37" coveredstatements="37" elements="43" coveredelements="43"/>
      </class>
      <line num="21" type="method" name="__construct" visibility="public" complexity="1" crap="1" count="1"/>
      <line num="24" type="stmt" count="1"/>
      <line num="26" type="method" name="getEntityFqcn" visibility="public" complexity="1" crap="1" count="1"/>
      <line num="28" type="stmt" count="1"/>
      <line num="34" type="method" name="configureFields" visibility="public" complexity="2" crap="2" count="1"/>
      <line num="36" type="stmt" count="1"/>
      <line num="37" type="stmt" count="1"/>
      <line num="38" type="stmt" count="1"/>
      <line num="41" type="stmt" count="1"/>
      <line num="42" type="stmt" count="1"/>
      <line num="43" type="stmt" count="1"/>
      <line num="44" type="stmt" count="1"/>
      <line num="45" type="stmt" count="1"/>
      <line num="46" type="stmt" count="1"/>
      <line num="47" type="stmt" count="1"/>
      <line num="48" type="stmt" count="1"/>
      <line num="51" type="method" name="configureFilters" visibility="public" complexity="1" crap="1" count="1"/>
      <line num="53" type="stmt" count="1"/>
      <line num="54" type="stmt" count="1"/>
      <line num="55" type="stmt" count="1"/>
      <line num="56" type="stmt" count="1"/>
      <line num="57" type="stmt" count="1"/>
      <line num="58" type="stmt" count="1"/>
      <line num="60" type="stmt" count="1"/>
      <line num="63" type="method" name="configureCrud" visibility="public" complexity="1" crap="1" count="1"/>
      <line num="65" type="stmt" count="1"/>
      <line num="66" type="stmt" count="1"/>
      <line num="67" type="stmt" count="1"/>
      <line num="68" type="stmt" count="1"/>
      <line num="71" type="method" name="configureActions" visibility="public" complexity="1" crap="1" count="1"/>
      <line num="73" type="stmt" count="1"/>
      <line num="74" type="stmt" count="1"/>
      <line num="75" type="stmt" count="1"/>
      <line num="76" type="stmt" count="1"/>
      <line num="77" type="stmt" count="1"/>
      <line num="78" type="stmt" count="1"/>
      <line num="79" type="stmt" count="1"/>
      <line num="80" type="stmt" count="1"/>
      <line num="82" type="stmt" count="1"/>
      <line num="83" type="stmt" count="1"/>
      <line num="84" type="stmt" count="1"/>
      <line num="85" type="stmt" count="1"/>
      <line num="86" type="stmt" count="1"/>
      <metrics loc="89" ncloc="86" classes="1" methods="6" coveredmethods="6" conditionals="0" coveredconditionals="0" statements="37" coveredstatements="37" elements="43" coveredelements="43"/>
    </file>
    <file name="/home/runner/work/fastfony/fastfony/src/Controller/Admin/ProfileCrud.php">
      <class name="App\Controller\Admin\ProfileCrud" namespace="global">
        <metrics complexity="4" methods="3" coveredmethods="2" conditionals="0" coveredconditionals="0" statements="15" coveredstatements="14" elements="18" coveredelements="16"/>
      </class>
      <line num="20" type="method" name="__construct" visibility="public" complexity="1" crap="1" count="1"/>
      <line num="23" type="stmt" count="1"/>
      <line num="25" type="method" name="getEntityFqcn" visibility="public" complexity="1" crap="1" count="1"/>
      <line num="27" type="stmt" count="1"/>
      <line num="33" type="method" name="configureFields" visibility="public" complexity="2" crap="2.00" count="1"/>
      <line num="35" type="stmt" count="1"/>
      <line num="36" type="stmt" count="0"/>
      <line num="39" type="stmt" count="1"/>
      <line num="40" type="stmt" count="1"/>
      <line num="41" type="stmt" count="1"/>
      <line num="42" type="stmt" count="1"/>
      <line num="43" type="stmt" count="1"/>
      <line num="44" type="stmt" count="1"/>
      <line num="45" type="stmt" count="1"/>
      <line num="46" type="stmt" count="1"/>
      <line num="47" type="stmt" count="1"/>
      <line num="48" type="stmt" count="1"/>
      <line num="49" type="stmt" count="1"/>
      <metrics loc="52" ncloc="49" classes="1" methods="3" coveredmethods="2" conditionals="0" coveredconditionals="0" statements="15" coveredstatements="14" elements="18" coveredelements="16"/>
    </file>
    <file name="/home/runner/work/fastfony/fastfony/src/Controller/Admin/RoleCategoryCrud.php">
      <class name="App\Controller\Admin\RoleCategoryCrud" namespace="global">
        <metrics complexity="5" methods="5" coveredmethods="5" conditionals="0" coveredconditionals="0" statements="26" coveredstatements="26" elements="31" coveredelements="31"/>
      </class>
      <line num="20" type="method" name="__construct" visibility="public" complexity="1" crap="1" count="1"/>
      <line num="23" type="stmt" count="1"/>
      <line num="25" type="method" name="getEntityFqcn" visibility="public" complexity="1" crap="1" count="1"/>
      <line num="27" type="stmt" count="1"/>
      <line num="30" type="method" name="configureCrud" visibility="public" complexity="1" crap="1" count="1"/>
      <line num="32" type="stmt" count="1"/>
      <line num="33" type="stmt" count="1"/>
      <line num="34" type="stmt" count="1"/>
      <line num="40" type="method" name="configureFields" visibility="public" complexity="1" crap="1" count="1"/>
      <line num="42" type="stmt" count="1"/>
      <line num="43" type="stmt" count="1"/>
      <line num="44" type="stmt" count="1"/>
      <line num="45" type="stmt" count="1"/>
      <line num="46" type="stmt" count="1"/>
      <line num="47" type="stmt" count="1"/>
      <line num="48" type="stmt" count="1"/>
      <line num="49" type="stmt" count="1"/>
      <line num="50" type="stmt" count="1"/>
      <line num="51" type="stmt" count="1"/>
      <line num="54" type="method" name="configureActions" visibility="public" complexity="1" crap="1" count="1"/>
      <line num="56" type="stmt" count="1"/>
      <line num="57" type="stmt" count="1"/>
      <line num="58" type="stmt" count="1"/>
      <line num="59" type="stmt" count="1"/>
      <line num="60" type="stmt" count="1"/>
      <line num="61" type="stmt" count="1"/>
      <line num="62" type="stmt" count="1"/>
      <line num="63" type="stmt" count="1"/>
      <line num="65" type="stmt" count="1"/>
      <line num="66" type="stmt" count="1"/>
      <line num="67" type="stmt" count="1"/>
      <metrics loc="70" ncloc="67" classes="1" methods="5" coveredmethods="5" conditionals="0" coveredconditionals="0" statements="26" coveredstatements="26" elements="31" coveredelements="31"/>
    </file>
    <file name="/home/runner/work/fastfony/fastfony/src/Controller/Admin/RoleCrud.php">
      <class name="App\Controller\Admin\RoleCrud" namespace="global">
        <metrics complexity="6" methods="5" coveredmethods="4" conditionals="0" coveredconditionals="0" statements="37" coveredstatements="36" elements="42" coveredelements="40"/>
      </class>
      <line num="23" type="method" name="__construct" visibility="public" complexity="1" crap="1" count="1"/>
      <line num="27" type="stmt" count="1"/>
      <line num="29" type="method" name="getEntityFqcn" visibility="public" complexity="1" crap="1" count="1"/>
      <line num="31" type="stmt" count="1"/>
      <line num="37" type="method" name="configureFields" visibility="public" complexity="1" crap="1" count="1"/>
      <line num="39" type="stmt" count="1"/>
      <line num="40" type="stmt" count="1"/>
      <line num="41" type="stmt" count="1"/>
      <line num="42" type="stmt" count="1"/>
      <line num="43" type="stmt" count="1"/>
      <line num="46" type="method" name="configureActions" visibility="public" complexity="2" crap="2" count="1"/>
      <line num="48" type="stmt" count="1"/>
      <line num="49" type="stmt" count="0"/>
      <line num="52" type="stmt" count="1"/>
      <line num="53" type="stmt" count="1"/>
      <line num="54" type="stmt" count="1"/>
      <line num="55" type="stmt" count="1"/>
      <line num="56" type="stmt" count="1"/>
      <line num="57" type="stmt" count="1"/>
      <line num="58" type="stmt" count="1"/>
      <line num="59" type="stmt" count="1"/>
      <line num="60" type="stmt" count="1"/>
      <line num="61" type="stmt" count="1"/>
      <line num="62" type="stmt" count="1"/>
      <line num="63" type="stmt" count="1"/>
      <line num="64" type="stmt" count="1"/>
      <line num="66" type="stmt" count="1"/>
      <line num="67" type="stmt" count="1"/>
      <line num="68" type="stmt" count="1"/>
      <line num="69" type="stmt" count="1"/>
      <line num="70" type="stmt" count="1"/>
      <line num="71" type="stmt" count="1"/>
      <line num="72" type="stmt" count="1"/>
      <line num="73" type="stmt" count="1"/>
      <line num="75" type="stmt" count="1"/>
      <line num="76" type="stmt" count="1"/>
      <line num="77" type="stmt" count="1"/>
      <line num="78" type="stmt" count="1"/>
      <line num="81" type="method" name="configureFilters" visibility="public" complexity="1" crap="1" count="1"/>
      <line num="83" type="stmt" count="1"/>
      <line num="84" type="stmt" count="1"/>
      <line num="85" type="stmt" count="1"/>
      <metrics loc="88" ncloc="85" classes="1" methods="5" coveredmethods="4" conditionals="0" coveredconditionals="0" statements="37" coveredstatements="36" elements="42" coveredelements="40"/>
    </file>
    <file name="/home/runner/work/fastfony/fastfony/src/Controller/Admin/SeoTabFields.php">
      <class name="App\Controller\Admin\SeoTabFields" namespace="global">
        <metrics complexity="1" methods="1" coveredmethods="1" conditionals="0" coveredconditionals="0" statements="31" coveredstatements="31" elements="32" coveredelements="32"/>
      </class>
      <line num="18" type="method" name="getSeoTabFields" visibility="public" complexity="1" crap="1" count="2"/>
      <line num="20" type="stmt" count="2"/>
      <line num="21" type="stmt" count="2"/>
      <line num="22" type="stmt" count="2"/>
      <line num="23" type="stmt" count="2"/>
      <line num="24" type="stmt" count="2"/>
      <line num="25" type="stmt" count="2"/>
      <line num="26" type="stmt" count="2"/>
      <line num="27" type="stmt" count="2"/>
      <line num="28" type="stmt" count="2"/>
      <line num="29" type="stmt" count="2"/>
      <line num="30" type="stmt" count="2"/>
      <line num="31" type="stmt" count="2"/>
      <line num="32" type="stmt" count="2"/>
      <line num="33" type="stmt" count="2"/>
      <line num="34" type="stmt" count="2"/>
      <line num="35" type="stmt" count="2"/>
      <line num="36" type="stmt" count="2"/>
      <line num="37" type="stmt" count="2"/>
      <line num="38" type="stmt" count="2"/>
      <line num="39" type="stmt" count="2"/>
      <line num="40" type="stmt" count="2"/>
      <line num="41" type="stmt" count="2"/>
      <line num="42" type="stmt" count="2"/>
      <line num="43" type="stmt" count="2"/>
      <line num="44" type="stmt" count="2"/>
      <line num="45" type="stmt" count="2"/>
      <line num="46" type="stmt" count="2"/>
      <line num="47" type="stmt" count="2"/>
      <line num="48" type="stmt" count="2"/>
      <line num="49" type="stmt" count="2"/>
      <line num="50" type="stmt" count="2"/>
      <metrics loc="53" ncloc="50" classes="1" methods="1" coveredmethods="1" conditionals="0" coveredconditionals="0" statements="31" coveredstatements="31" elements="32" coveredelements="32"/>
    </file>
    <file name="/home/runner/work/fastfony/fastfony/src/Controller/Admin/UserCrud.php">
      <class name="App\Controller\Admin\UserCrud" namespace="global">
        <metrics complexity="10" methods="7" coveredmethods="5" conditionals="0" coveredconditionals="0" statements="72" coveredstatements="67" elements="79" coveredelements="72"/>
      </class>
      <line num="30" type="method" name="__construct" visibility="public" complexity="1" crap="1" count="2"/>
      <line num="34" type="stmt" count="2"/>
      <line num="36" type="method" name="getEntityFqcn" visibility="public" complexity="1" crap="1" count="1"/>
      <line num="38" type="stmt" count="1"/>
      <line num="41" type="method" name="configureCrud" visibility="public" complexity="1" crap="1" count="2"/>
      <line num="43" type="stmt" count="2"/>
      <line num="44" type="stmt" count="2"/>
      <line num="45" type="stmt" count="2"/>
      <line num="51" type="method" name="configureFields" visibility="public" complexity="1" crap="1" count="1"/>
      <line num="53" type="stmt" count="1"/>
      <line num="54" type="stmt" count="1"/>
      <line num="55" type="stmt" count="1"/>
      <line num="56" type="stmt" count="1"/>
      <line num="57" type="stmt" count="1"/>
      <line num="58" type="stmt" count="1"/>
      <line num="59" type="stmt" count="1"/>
      <line num="60" type="stmt" count="1"/>
      <line num="61" type="stmt" count="1"/>
      <line num="62" type="stmt" count="1"/>
      <line num="63" type="stmt" count="1"/>
      <line num="64" type="stmt" count="1"/>
      <line num="65" type="stmt" count="1"/>
      <line num="66" type="stmt" count="1"/>
      <line num="67" type="stmt" count="1"/>
      <line num="68" type="stmt" count="1"/>
      <line num="69" type="stmt" count="1"/>
      <line num="70" type="stmt" count="1"/>
      <line num="71" type="stmt" count="1"/>
      <line num="72" type="stmt" count="1"/>
      <line num="73" type="stmt" count="1"/>
      <line num="74" type="stmt" count="1"/>
      <line num="75" type="stmt" count="1"/>
      <line num="76" type="stmt" count="1"/>
      <line num="77" type="stmt" count="1"/>
      <line num="78" type="stmt" count="1"/>
      <line num="79" type="stmt" count="1"/>
      <line num="82" type="method" name="configureFilters" visibility="public" complexity="1" crap="1" count="2"/>
      <line num="84" type="stmt" count="2"/>
      <line num="85" type="stmt" count="2"/>
      <line num="86" type="stmt" count="2"/>
      <line num="87" type="stmt" count="2"/>
      <line num="88" type="stmt" count="2"/>
      <line num="91" type="method" name="configureActions" visibility="public" complexity="2" crap="2" count="2"/>
      <line num="93" type="stmt" count="2"/>
      <line num="94" type="stmt" count="0"/>
      <line num="97" type="stmt" count="2"/>
      <line num="98" type="stmt" count="2"/>
      <line num="99" type="stmt" count="2"/>
      <line num="101" type="stmt" count="2"/>
      <line num="102" type="stmt" count="2"/>
      <line num="103" type="stmt" count="2"/>
      <line num="104" type="stmt" count="2"/>
      <line num="105" type="stmt" count="2"/>
      <line num="106" type="stmt" count="2"/>
      <line num="107" type="stmt" count="2"/>
      <line num="108" type="stmt" count="2"/>
      <line num="109" type="stmt" count="2"/>
      <line num="110" type="stmt" count="2"/>
      <line num="111" type="stmt" count="2"/>
      <line num="112" type="stmt" count="2"/>
      <line num="113" type="stmt" count="2"/>
      <line num="115" type="stmt" count="2"/>
      <line num="116" type="stmt" count="2"/>
      <line num="117" type="stmt" count="2"/>
      <line num="118" type="stmt" count="2"/>
      <line num="119" type="stmt" count="2"/>
      <line num="122" type="method" name="sendLoginLinkEmail" visibility="public" complexity="3" crap="3.33" count="1"/>
      <line num="127" type="stmt" count="1"/>
      <line num="129" type="stmt" count="1"/>
      <line num="130" type="stmt" count="1"/>
      <line num="131" type="stmt" count="1"/>
      <line num="132" type="stmt" count="1"/>
      <line num="133" type="stmt" count="1"/>
      <line num="134" type="stmt" count="1"/>
      <line num="136" type="stmt" count="0"/>
      <line num="137" type="stmt" count="0"/>
      <line num="138" type="stmt" count="0"/>
      <line num="139" type="stmt" count="0"/>
      <line num="143" type="stmt" count="1"/>
      <metrics loc="146" ncloc="143" classes="1" methods="7" coveredmethods="5" conditionals="0" coveredconditionals="0" statements="72" coveredstatements="67" elements="79" coveredelements="72"/>
    </file>
    <file name="/home/runner/work/fastfony/fastfony/src/Controller/Homepage.php">
      <class name="App\Controller\Homepage" namespace="global">
        <metrics complexity="5" methods="3" coveredmethods="2" conditionals="0" coveredconditionals="0" statements="12" coveredstatements="11" elements="15" coveredelements="13"/>
      </class>
      <line num="19" type="method" name="__construct" visibility="public" complexity="1" crap="1" count="7"/>
      <line num="23" type="stmt" count="7"/>
      <line num="28" type="method" name="__invoke" visibility="public" complexity="2" crap="2.01" count="7"/>
      <line num="34" type="stmt" count="7"/>
      <line num="35" type="stmt" count="7"/>
      <line num="36" type="stmt" count="0"/>
      <line num="39" type="stmt" count="7"/>
      <line num="41" type="stmt" count="7"/>
      <line num="42" type="stmt" count="7"/>
      <line num="43" type="stmt" count="7"/>
      <line num="44" type="stmt" count="7"/>
      <line num="47" type="method" name="getHomepage" visibility="private" complexity="2" crap="2" count="7"/>
      <line num="50" type="stmt" count="7"/>
      <line num="51" type="stmt" count="1"/>
      <line num="52" type="stmt" count="1"/>
      <metrics loc="56" ncloc="52" classes="1" methods="3" coveredmethods="2" conditionals="0" coveredconditionals="0" statements="12" coveredstatements="11" elements="15" coveredelements="13"/>
    </file>
    <file name="/home/runner/work/fastfony/fastfony/src/Controller/Installation.php">
      <class name="App\Controller\Installation" namespace="global">
        <metrics complexity="11" methods="4" coveredmethods="2" conditionals="0" coveredconditionals="0" statements="41" coveredstatements="34" elements="45" coveredelements="36"/>
      </class>
      <line num="28" type="method" name="__construct" visibility="public" complexity="2" crap="2" count="3"/>
      <line num="35" type="stmt" count="3"/>
      <line num="36" type="stmt" count="1"/>
      <line num="41" type="method" name="step1" visibility="public" complexity="5" crap="5" count="2"/>
      <line num="46" type="stmt" count="2"/>
      <line num="47" type="stmt" count="1"/>
      <line num="49" type="stmt" count="1"/>
      <line num="53" type="stmt" count="2"/>
      <line num="54" type="stmt" count="1"/>
      <line num="57" type="stmt" count="1"/>
      <line num="58" type="stmt" count="1"/>
      <line num="59" type="stmt" count="1"/>
      <line num="60" type="stmt" count="1"/>
      <line num="61" type="stmt" count="1"/>
      <line num="62" type="stmt" count="1"/>
      <line num="63" type="stmt" count="1"/>
      <line num="64" type="stmt" count="1"/>
      <line num="65" type="stmt" count="1"/>
      <line num="69" type="method" name="step2" visibility="public" complexity="2" crap="2.26" count="2"/>
      <line num="72" type="stmt" count="2"/>
      <line num="73" type="stmt" count="2"/>
      <line num="74" type="stmt" count="1"/>
      <line num="76" type="stmt" count="0"/>
      <line num="77" type="stmt" count="0"/>
      <line num="78" type="stmt" count="0"/>
      <line num="79" type="stmt" count="0"/>
      <line num="80" type="stmt" count="0"/>
      <line num="81" type="stmt" count="0"/>
      <line num="85" type="stmt" count="1"/>
      <line num="86" type="stmt" count="1"/>
      <line num="87" type="stmt" count="1"/>
      <line num="88" type="stmt" count="1"/>
      <line num="89" type="stmt" count="1"/>
      <line num="90" type="stmt" count="1"/>
      <line num="94" type="method" name="step3" visibility="public" complexity="2" crap="2.00" count="1"/>
      <line num="97" type="stmt" count="1"/>
      <line num="98" type="stmt" count="1"/>
      <line num="99" type="stmt" count="0"/>
      <line num="102" type="stmt" count="1"/>
      <line num="104" type="stmt" count="1"/>
      <line num="105" type="stmt" count="1"/>
      <line num="106" type="stmt" count="1"/>
      <line num="107" type="stmt" count="1"/>
      <line num="108" type="stmt" count="1"/>
      <line num="109" type="stmt" count="1"/>
      <metrics loc="112" ncloc="102" classes="1" methods="4" coveredmethods="2" conditionals="0" coveredconditionals="0" statements="41" coveredstatements="34" elements="45" coveredelements="36"/>
    </file>
    <file name="/home/runner/work/fastfony/fastfony/src/Controller/Maintenance.php">
      <class name="App\Controller\Maintenance" namespace="global">
        <metrics complexity="5" methods="2" coveredmethods="2" conditionals="0" coveredconditionals="0" statements="6" coveredstatements="6" elements="8" coveredelements="8"/>
      </class>
      <line num="15" type="method" name="__construct" visibility="public" complexity="1" crap="1" count="3"/>
      <line num="18" type="stmt" count="3"/>
      <line num="23" type="method" name="__invoke" visibility="public" complexity="4" crap="4" count="3"/>
      <line num="27" type="stmt" count="3"/>
      <line num="28" type="stmt" count="3"/>
      <line num="29" type="stmt" count="3"/>
      <line num="30" type="stmt" count="2"/>
      <line num="34" type="stmt" count="2"/>
      <metrics loc="37" ncloc="34" classes="1" methods="2" coveredmethods="2" conditionals="0" coveredconditionals="0" statements="6" coveredstatements="6" elements="8" coveredelements="8"/>
    </file>
    <file name="/home/runner/work/fastfony/fastfony/src/Controller/Page/Contact.php">
      <class name="App\Controller\Page\Contact" namespace="global">
        <metrics complexity="5" methods="2" coveredmethods="2" conditionals="0" coveredconditionals="0" statements="15" coveredstatements="15" elements="17" coveredelements="17"/>
      </class>
      <line num="18" type="method" name="__construct" visibility="public" complexity="1" crap="1" count="4"/>
      <line num="22" type="stmt" count="4"/>
      <line num="24" type="method" name="__invoke" visibility="public" complexity="4" crap="4" count="4"/>
      <line num="28" type="stmt" count="4"/>
      <line num="30" type="stmt" count="4"/>
      <line num="31" type="stmt" count="4"/>
      <line num="32" type="stmt" count="1"/>
      <line num="33" type="stmt" count="1"/>
      <line num="34" type="stmt" count="1"/>
      <line num="35" type="stmt" count="1"/>
      <line num="38" type="stmt" count="1"/>
      <line num="41" type="stmt" count="1"/>
      <line num="43" type="stmt" count="1"/>
      <line num="45" type="stmt" count="1"/>
      <line num="48" type="stmt" count="4"/>
      <line num="49" type="stmt" count="4"/>
      <line num="50" type="stmt" count="4"/>
      <metrics loc="53" ncloc="52" classes="1" methods="2" coveredmethods="2" conditionals="0" coveredconditionals="0" statements="15" coveredstatements="15" elements="17" coveredelements="17"/>
    </file>
    <file name="/home/runner/work/fastfony/fastfony/src/Controller/Page/Show.php">
      <class name="App\Controller\Page\Show" namespace="global">
        <metrics complexity="5" methods="2" coveredmethods="2" conditionals="0" coveredconditionals="0" statements="8" coveredstatements="8" elements="10" coveredelements="10"/>
      </class>
      <line num="16" type="method" name="__construct" visibility="public" complexity="1" crap="1" count="2"/>
      <line num="19" type="stmt" count="2"/>
      <line num="24" type="method" name="__invoke" visibility="public" complexity="4" crap="4" count="2"/>
      <line num="34" type="stmt" count="2"/>
      <line num="35" type="stmt" count="2"/>
      <line num="36" type="stmt" count="1"/>
      <line num="39" type="stmt" count="2"/>
      <line num="40" type="stmt" count="2"/>
      <line num="41" type="stmt" count="2"/>
      <line num="42" type="stmt" count="2"/>
      <metrics loc="45" ncloc="42" classes="1" methods="2" coveredmethods="2" conditionals="0" coveredconditionals="0" statements="8" coveredstatements="8" elements="10" coveredelements="10"/>
    </file>
    <file name="/home/runner/work/fastfony/fastfony/src/Controller/Security/Register.php">
      <class name="App\Controller\Security\Register" namespace="global">
        <metrics complexity="8" methods="2" coveredmethods="1" conditionals="0" coveredconditionals="0" statements="29" coveredstatements="25" elements="31" coveredelements="26"/>
      </class>
      <line num="19" type="method" name="__construct" visibility="public" complexity="1" crap="1" count="3"/>
      <line num="24" type="stmt" count="3"/>
      <line num="26" type="method" name="__invoke" visibility="public" complexity="7" crap="7.14" count="3"/>
      <line num="30" type="stmt" count="3"/>
      <line num="31" type="stmt" count="1"/>
      <line num="34" type="stmt" count="2"/>
      <line num="36" type="stmt" count="2"/>
      <line num="37" type="stmt" count="2"/>
      <line num="39" type="stmt" count="2"/>
      <line num="40" type="stmt" count="1"/>
      <line num="41" type="stmt" count="1"/>
      <line num="42" type="stmt" count="1"/>
      <line num="43" type="stmt" count="1"/>
      <line num="45" type="stmt" count="1"/>
      <line num="46" type="stmt" count="1"/>
      <line num="49" type="stmt" count="1"/>
      <line num="50" type="stmt" count="0"/>
      <line num="51" type="stmt" count="0"/>
      <line num="52" type="stmt" count="0"/>
      <line num="53" type="stmt" count="0"/>
      <line num="57" type="stmt" count="1"/>
      <line num="58" type="stmt" count="1"/>
      <line num="59" type="stmt" count="1"/>
      <line num="60" type="stmt" count="1"/>
      <line num="61" type="stmt" count="1"/>
      <line num="65" type="stmt" count="2"/>
      <line num="66" type="stmt" count="2"/>
      <line num="67" type="stmt" count="2"/>
      <line num="68" type="stmt" count="2"/>
      <line num="69" type="stmt" count="2"/>
      <line num="70" type="stmt" count="2"/>
      <metrics loc="73" ncloc="72" classes="1" methods="2" coveredmethods="1" conditionals="0" coveredconditionals="0" statements="29" coveredstatements="25" elements="31" coveredelements="26"/>
    </file>
    <file name="/home/runner/work/fastfony/fastfony/src/Controller/Security/RequestLoginLink.php">
      <class name="App\Controller\Security\RequestLoginLink" namespace="global">
        <metrics complexity="8" methods="2" coveredmethods="1" conditionals="0" coveredconditionals="0" statements="29" coveredstatements="28" elements="31" coveredelements="29"/>
      </class>
      <line num="17" type="method" name="__construct" visibility="public" complexity="1" crap="1" count="2"/>
      <line num="21" type="stmt" count="2"/>
      <line num="23" type="method" name="__invoke" visibility="public" complexity="7" crap="7" count="2"/>
      <line num="26" type="stmt" count="2"/>
      <line num="27" type="stmt" count="0"/>
      <line num="30" type="stmt" count="2"/>
      <line num="32" type="stmt" count="2"/>
      <line num="33" type="stmt" count="2"/>
      <line num="35" type="stmt" count="2"/>
      <line num="36" type="stmt" count="2"/>
      <line num="37" type="stmt" count="2"/>
      <line num="38" type="stmt" count="2"/>
      <line num="39" type="stmt" count="2"/>
      <line num="40" type="stmt" count="2"/>
      <line num="42" type="stmt" count="2"/>
      <line num="43" type="stmt" count="2"/>
      <line num="44" type="stmt" count="1"/>
      <line num="45" type="stmt" count="1"/>
      <line num="46" type="stmt" count="1"/>
      <line num="47" type="stmt" count="1"/>
      <line num="52" type="stmt" count="2"/>
      <line num="53" type="stmt" count="2"/>
      <line num="54" type="stmt" count="2"/>
      <line num="55" type="stmt" count="2"/>
      <line num="56" type="stmt" count="2"/>
      <line num="60" type="stmt" count="2"/>
      <line num="61" type="stmt" count="2"/>
      <line num="62" type="stmt" count="2"/>
      <line num="63" type="stmt" count="2"/>
      <line num="64" type="stmt" count="2"/>
      <line num="65" type="stmt" count="2"/>
      <metrics loc="68" ncloc="67" classes="1" methods="2" coveredmethods="1" conditionals="0" coveredconditionals="0" statements="29" coveredstatements="28" elements="31" coveredelements="29"/>
    </file>
    <file name="/home/runner/work/fastfony/fastfony/src/DataCollector/Fastfony.php">
      <class name="App\DataCollector\Fastfony" namespace="global">
        <metrics complexity="16" methods="11" coveredmethods="10" conditionals="0" coveredconditionals="0" statements="30" coveredstatements="27" elements="41" coveredelements="37"/>
      </class>
      <line num="16" type="method" name="__construct" visibility="public" complexity="1" crap="1" count="30"/>
      <line num="21" type="stmt" count="30"/>
      <line num="23" type="method" name="collect" visibility="public" complexity="1" crap="1" count="5"/>
      <line num="28" type="stmt" count="5"/>
      <line num="29" type="stmt" count="5"/>
      <line num="30" type="stmt" count="5"/>
      <line num="31" type="stmt" count="5"/>
      <line num="32" type="stmt" count="5"/>
      <line num="33" type="stmt" count="5"/>
      <line num="36" type="method" name="getTemplate" visibility="public" complexity="1" crap="1" count="1"/>
      <line num="38" type="stmt" count="1"/>
      <line num="41" type="method" name="getFastfonyState" visibility="public" complexity="1" crap="1" count="1"/>
      <line num="43" type="stmt" count="1"/>
      <line num="46" type="method" name="getFastfonyVersion" visibility="public" complexity="1" crap="1" count="2"/>
      <line num="48" type="stmt" count="2"/>
      <line num="51" type="method" name="getFastfonyExtraVersion" visibility="public" complexity="1" crap="1" count="5"/>
      <line num="53" type="stmt" count="5"/>
      <line num="56" type="method" name="getLicenseKey" visibility="public" complexity="1" crap="1" count="2"/>
      <line num="58" type="stmt" count="2"/>
      <line num="61" type="method" name="getLicenseKeyValidity" visibility="public" complexity="2" crap="2" count="2"/>
      <line num="63" type="stmt" count="2"/>
      <line num="66" type="method" name="getName" visibility="public" complexity="1" crap="1" count="25"/>
      <line num="68" type="stmt" count="25"/>
      <line num="71" type="method" name="checkLicenseKeyValidity" visibility="private" complexity="2" crap="2" count="5"/>
      <line num="73" type="stmt" count="5"/>
      <line num="74" type="stmt" count="2"/>
      <line num="77" type="stmt" count="3"/>
      <line num="80" type="method" name="determineFastfonyState" visibility="private" complexity="4" crap="4.20" count="5"/>
      <line num="82" type="stmt" count="5"/>
      <line num="83" type="stmt" count="5"/>
      <line num="84" type="stmt" count="5"/>
      <line num="85" type="stmt" count="5"/>
      <line num="86" type="stmt" count="5"/>
      <line num="88" type="stmt" count="5"/>
      <line num="89" type="stmt" count="0"/>
      <line num="90" type="stmt" count="5"/>
      <line num="91" type="stmt" count="0"/>
      <line num="92" type="stmt" count="5"/>
      <line num="93" type="stmt" count="5"/>
      <line num="95" type="stmt" count="0"/>
      <line num="98" type="stmt" count="5"/>
      <metrics loc="101" ncloc="101" classes="1" methods="11" coveredmethods="10" conditionals="0" coveredconditionals="0" statements="30" coveredstatements="27" elements="41" coveredelements="37"/>
    </file>
    <file name="/home/runner/work/fastfony/fastfony/src/Entity/BlameableEntity.php">
      <class name="App\Entity\BlameableEntity" namespace="global">
        <metrics complexity="4" methods="4" coveredmethods="4" conditionals="0" coveredconditionals="0" statements="6" coveredstatements="6" elements="10" coveredelements="10"/>
      </class>
      <line num="23" type="method" name="setCreatedBy" visibility="public" complexity="1" crap="1" count="1"/>
      <line num="25" type="stmt" count="1"/>
      <line num="27" type="stmt" count="1"/>
      <line num="30" type="method" name="getCreatedBy" visibility="public" complexity="1" crap="1" count="1"/>
      <line num="32" type="stmt" count="1"/>
      <line num="35" type="method" name="setUpdatedBy" visibility="public" complexity="1" crap="1" count="1"/>
      <line num="37" type="stmt" count="1"/>
      <line num="39" type="stmt" count="1"/>
      <line num="42" type="method" name="getUpdatedBy" visibility="public" complexity="1" crap="1" count="1"/>
      <line num="44" type="stmt" count="1"/>
      <metrics loc="47" ncloc="47" classes="1" methods="4" coveredmethods="4" conditionals="0" coveredconditionals="0" statements="6" coveredstatements="6" elements="10" coveredelements="10"/>
    </file>
    <file name="/home/runner/work/fastfony/fastfony/src/Entity/CommonProperties/Description.php">
      <class name="App\Entity\CommonProperties\Description" namespace="global">
        <metrics complexity="2" methods="2" coveredmethods="2" conditionals="0" coveredconditionals="0" statements="3" coveredstatements="3" elements="5" coveredelements="5"/>
      </class>
      <line num="15" type="method" name="getDescription" visibility="public" complexity="1" crap="1" count="5"/>
      <line num="17" type="stmt" count="5"/>
      <line num="20" type="method" name="setDescription" visibility="public" complexity="1" crap="1" count="2"/>
      <line num="22" type="stmt" count="2"/>
      <line num="24" type="stmt" count="2"/>
      <metrics loc="27" ncloc="27" classes="1" methods="2" coveredmethods="2" conditionals="0" coveredconditionals="0" statements="3" coveredstatements="3" elements="5" coveredelements="5"/>
    </file>
    <file name="/home/runner/work/fastfony/fastfony/src/Entity/CommonProperties/MetaRobots.php">
      <class name="App\Entity\CommonProperties\MetaRobots" namespace="global">
        <metrics complexity="19" methods="13" coveredmethods="13" conditionals="0" coveredconditionals="0" statements="31" coveredstatements="31" elements="44" coveredelements="44"/>
      </class>
      <line num="36" type="method" name="isNoindex" visibility="public" complexity="1" crap="1" count="1"/>
      <line num="38" type="stmt" count="1"/>
      <line num="41" type="method" name="setNoindex" visibility="public" complexity="1" crap="1" count="1"/>
      <line num="43" type="stmt" count="1"/>
      <line num="45" type="stmt" count="1"/>
      <line num="48" type="method" name="isNofollow" visibility="public" complexity="1" crap="1" count="1"/>
      <line num="50" type="stmt" count="1"/>
      <line num="53" type="method" name="setNofollow" visibility="public" complexity="1" crap="1" count="1"/>
      <line num="55" type="stmt" count="1"/>
      <line num="57" type="stmt" count="1"/>
      <line num="60" type="method" name="isNoarchive" visibility="public" complexity="1" crap="1" count="1"/>
      <line num="62" type="stmt" count="1"/>
      <line num="65" type="method" name="setNoarchive" visibility="public" complexity="1" crap="1" count="1"/>
      <line num="67" type="stmt" count="1"/>
      <line num="69" type="stmt" count="1"/>
      <line num="72" type="method" name="isNosnippet" visibility="public" complexity="1" crap="1" count="1"/>
      <line num="74" type="stmt" count="1"/>
      <line num="77" type="method" name="setNosnippet" visibility="public" complexity="1" crap="1" count="1"/>
      <line num="79" type="stmt" count="1"/>
      <line num="81" type="stmt" count="1"/>
      <line num="84" type="method" name="isNotranslate" visibility="public" complexity="1" crap="1" count="1"/>
      <line num="86" type="stmt" count="1"/>
      <line num="89" type="method" name="setNotranslate" visibility="public" complexity="1" crap="1" count="1"/>
      <line num="91" type="stmt" count="1"/>
      <line num="93" type="stmt" count="1"/>
      <line num="96" type="method" name="isNoimageindex" visibility="public" complexity="1" crap="1" count="1"/>
      <line num="98" type="stmt" count="1"/>
      <line num="101" type="method" name="setNoimageindex" visibility="public" complexity="1" crap="1" count="1"/>
      <line num="103" type="stmt" count="1"/>
      <line num="105" type="stmt" count="1"/>
      <line num="111" type="method" name="getMetaRobotsDirectives" visibility="public" complexity="7" crap="7" count="11"/>
      <line num="113" type="stmt" count="11"/>
      <line num="114" type="stmt" count="11"/>
      <line num="115" type="stmt" count="11"/>
      <line num="116" type="stmt" count="11"/>
      <line num="118" type="stmt" count="11"/>
      <line num="119" type="stmt" count="1"/>
      <line num="121" type="stmt" count="11"/>
      <line num="122" type="stmt" count="1"/>
      <line num="124" type="stmt" count="11"/>
      <line num="125" type="stmt" count="1"/>
      <line num="127" type="stmt" count="11"/>
      <line num="128" type="stmt" count="1"/>
      <line num="131" type="stmt" count="11"/>
      <metrics loc="134" ncloc="131" classes="1" methods="13" coveredmethods="13" conditionals="0" coveredconditionals="0" statements="31" coveredstatements="31" elements="44" coveredelements="44"/>
    </file>
    <file name="/home/runner/work/fastfony/fastfony/src/Entity/CommonProperties/Required/AutoGeneratedId.php">
      <class name="App\Entity\CommonProperties\Required\AutoGeneratedId" namespace="global">
        <metrics complexity="1" methods="1" coveredmethods="1" conditionals="0" coveredconditionals="0" statements="1" coveredstatements="1" elements="2" coveredelements="2"/>
      </class>
      <line num="16" type="method" name="getId" visibility="public" complexity="1" crap="1" count="12"/>
      <line num="18" type="stmt" count="12"/>
      <metrics loc="21" ncloc="21" classes="1" methods="1" coveredmethods="1" conditionals="0" coveredconditionals="0" statements="1" coveredstatements="1" elements="2" coveredelements="2"/>
    </file>
    <file name="/home/runner/work/fastfony/fastfony/src/Entity/CommonProperties/Required/Email.php">
      <class name="App\Entity\CommonProperties\Required\Email" namespace="global">
        <metrics complexity="2" methods="2" coveredmethods="1" conditionals="0" coveredconditionals="0" statements="3" coveredstatements="2" elements="5" coveredelements="3"/>
      </class>
      <line num="18" type="method" name="getEmail" visibility="public" complexity="1" crap="2" count="0"/>
      <line num="20" type="stmt" count="0"/>
      <line num="23" type="method" name="setEmail" visibility="public" complexity="1" crap="1" count="11"/>
      <line num="25" type="stmt" count="11"/>
      <line num="27" type="stmt" count="11"/>
      <metrics loc="30" ncloc="29" classes="1" methods="2" coveredmethods="1" conditionals="0" coveredconditionals="0" statements="3" coveredstatements="2" elements="5" coveredelements="3"/>
    </file>
    <file name="/home/runner/work/fastfony/fastfony/src/Entity/CommonProperties/Required/Enabled.php">
      <class name="App\Entity\CommonProperties\Required\Enabled" namespace="global">
        <metrics complexity="2" methods="2" coveredmethods="2" conditionals="0" coveredconditionals="0" statements="3" coveredstatements="3" elements="5" coveredelements="5"/>
      </class>
      <line num="16" type="method" name="isEnabled" visibility="public" complexity="1" crap="1" count="18"/>
      <line num="18" type="stmt" count="18"/>
      <line num="21" type="method" name="setEnabled" visibility="public" complexity="1" crap="1" count="7"/>
      <line num="23" type="stmt" count="7"/>
      <line num="25" type="stmt" count="7"/>
      <metrics loc="28" ncloc="28" classes="1" methods="2" coveredmethods="2" conditionals="0" coveredconditionals="0" statements="3" coveredstatements="3" elements="5" coveredelements="5"/>
    </file>
    <file name="/home/runner/work/fastfony/fastfony/src/Entity/CommonProperties/Required/FirstNameLastName.php">
      <class name="App\Entity\CommonProperties\Required\FirstNameLastName" namespace="global">
        <metrics complexity="4" methods="4" coveredmethods="4" conditionals="0" coveredconditionals="0" statements="6" coveredstatements="6" elements="10" coveredelements="10"/>
      </class>
      <line num="21" type="method" name="getFirstName" visibility="public" complexity="1" crap="1" count="1"/>
      <line num="23" type="stmt" count="1"/>
      <line num="26" type="method" name="setFirstName" visibility="public" complexity="1" crap="1" count="4"/>
      <line num="28" type="stmt" count="4"/>
      <line num="30" type="stmt" count="4"/>
      <line num="33" type="method" name="getLastName" visibility="public" complexity="1" crap="1" count="1"/>
      <line num="35" type="stmt" count="1"/>
      <line num="38" type="method" name="setLastName" visibility="public" complexity="1" crap="1" count="1"/>
      <line num="40" type="stmt" count="1"/>
      <line num="42" type="stmt" count="1"/>
      <metrics loc="45" ncloc="44" classes="1" methods="4" coveredmethods="4" conditionals="0" coveredconditionals="0" statements="6" coveredstatements="6" elements="10" coveredelements="10"/>
    </file>
    <file name="/home/runner/work/fastfony/fastfony/src/Entity/CommonProperties/Required/KeyValue.php">
      <class name="App\Entity\CommonProperties\Required\KeyValue" namespace="global">
        <metrics complexity="4" methods="4" coveredmethods="3" conditionals="0" coveredconditionals="0" statements="6" coveredstatements="4" elements="10" coveredelements="7"/>
      </class>
      <line num="19" type="method" name="getKey" visibility="public" complexity="1" crap="1" count="1"/>
      <line num="21" type="stmt" count="1"/>
      <line num="24" type="method" name="setKey" visibility="public" complexity="1" crap="2" count="0"/>
      <line num="26" type="stmt" count="0"/>
      <line num="28" type="stmt" count="0"/>
      <line num="31" type="method" name="getValue" visibility="public" complexity="1" crap="1" count="52"/>
      <line num="33" type="stmt" count="52"/>
      <line num="36" type="method" name="setValue" visibility="public" complexity="1" crap="1" count="4"/>
      <line num="38" type="stmt" count="4"/>
      <line num="40" type="stmt" count="4"/>
      <metrics loc="43" ncloc="43" classes="1" methods="4" coveredmethods="3" conditionals="0" coveredconditionals="0" statements="6" coveredstatements="4" elements="10" coveredelements="7"/>
    </file>
    <file name="/home/runner/work/fastfony/fastfony/src/Entity/CommonProperties/Required/Name.php">
      <class name="App\Entity\CommonProperties\Required\Name" namespace="global">
        <metrics complexity="2" methods="2" coveredmethods="2" conditionals="0" coveredconditionals="0" statements="3" coveredstatements="3" elements="5" coveredelements="5"/>
      </class>
      <line num="16" type="method" name="getName" visibility="public" complexity="1" crap="1" count="7"/>
      <line num="18" type="stmt" count="7"/>
      <line num="21" type="method" name="setName" visibility="public" complexity="1" crap="1" count="7"/>
      <line num="23" type="stmt" count="7"/>
      <line num="25" type="stmt" count="7"/>
      <metrics loc="28" ncloc="28" classes="1" methods="2" coveredmethods="2" conditionals="0" coveredconditionals="0" statements="3" coveredstatements="3" elements="5" coveredelements="5"/>
    </file>
    <file name="/home/runner/work/fastfony/fastfony/src/Entity/CommonProperties/Required/Published.php">
      <class name="App\Entity\CommonProperties\Required\Published" namespace="global">
        <metrics complexity="2" methods="2" coveredmethods="1" conditionals="0" coveredconditionals="0" statements="3" coveredstatements="1" elements="5" coveredelements="2"/>
      </class>
      <line num="16" type="method" name="isPublished" visibility="public" complexity="1" crap="1" count="2"/>
      <line num="18" type="stmt" count="2"/>
      <line num="21" type="method" name="setPublished" visibility="public" complexity="1" crap="2" count="0"/>
      <line num="23" type="stmt" count="0"/>
      <line num="25" type="stmt" count="0"/>
      <metrics loc="28" ncloc="28" classes="1" methods="2" coveredmethods="1" conditionals="0" coveredconditionals="0" statements="3" coveredstatements="1" elements="5" coveredelements="2"/>
    </file>
    <file name="/home/runner/work/fastfony/fastfony/src/Entity/CommonProperties/Seo.php">
      <class name="App\Entity\CommonProperties\Seo" namespace="global">
        <metrics complexity="6" methods="6" coveredmethods="3" conditionals="0" coveredconditionals="0" statements="9" coveredstatements="3" elements="15" coveredelements="6"/>
      </class>
      <line num="28" type="method" name="getMetaTitle" visibility="public" complexity="1" crap="1" count="10"/>
      <line num="30" type="stmt" count="10"/>
      <line num="33" type="method" name="setMetaTitle" visibility="public" complexity="1" crap="2" count="0"/>
      <line num="35" type="stmt" count="0"/>
      <line num="37" type="stmt" count="0"/>
      <line num="40" type="method" name="getMetaDescription" visibility="public" complexity="1" crap="1" count="10"/>
      <line num="42" type="stmt" count="10"/>
      <line num="45" type="method" name="setMetaDescription" visibility="public" complexity="1" crap="2" count="0"/>
      <line num="47" type="stmt" count="0"/>
      <line num="49" type="stmt" count="0"/>
      <line num="55" type="method" name="getRichSnippets" visibility="public" complexity="1" crap="1" count="10"/>
      <line num="57" type="stmt" count="10"/>
      <line num="60" type="method" name="setRichSnippets" visibility="public" complexity="1" crap="2" count="0"/>
      <line num="62" type="stmt" count="0"/>
      <line num="64" type="stmt" count="0"/>
      <metrics loc="67" ncloc="61" classes="1" methods="6" coveredmethods="3" conditionals="0" coveredconditionals="0" statements="9" coveredstatements="3" elements="15" coveredelements="6"/>
    </file>
    <file name="/home/runner/work/fastfony/fastfony/src/Entity/CommonProperties/StripeId.php">
      <class name="App\Entity\CommonProperties\StripeId" namespace="global">
        <metrics complexity="2" methods="2" coveredmethods="2" conditionals="0" coveredconditionals="0" statements="3" coveredstatements="3" elements="5" coveredelements="5"/>
      </class>
      <line num="16" type="method" name="getStripeId" visibility="public" complexity="1" crap="1" count="7"/>
      <line num="18" type="stmt" count="7"/>
      <line num="21" type="method" name="setStripeId" visibility="public" complexity="1" crap="1" count="9"/>
      <line num="23" type="stmt" count="9"/>
      <line num="25" type="stmt" count="9"/>
      <metrics loc="38" ncloc="32" classes="1" methods="2" coveredmethods="2" conditionals="0" coveredconditionals="0" statements="3" coveredstatements="3" elements="5" coveredelements="5"/>
    </file>
    <file name="/home/runner/work/fastfony/fastfony/src/Entity/ContactRequest.php">
      <class name="App\Entity\ContactRequest" namespace="global">
        <metrics complexity="12" methods="12" coveredmethods="8" conditionals="0" coveredconditionals="0" statements="18" coveredstatements="11" elements="30" coveredelements="19"/>
      </class>
      <line num="37" type="method" name="getMessage" visibility="public" complexity="1" crap="1" count="2"/>
      <line num="39" type="stmt" count="2"/>
      <line num="42" type="method" name="setMessage" visibility="public" complexity="1" crap="1" count="2"/>
      <line num="44" type="stmt" count="2"/>
      <line num="46" type="stmt" count="2"/>
      <line num="49" type="method" name="getPhoneNumber" visibility="public" complexity="1" crap="1" count="2"/>
      <line num="51" type="stmt" count="2"/>
      <line num="54" type="method" name="setPhoneNumber" visibility="public" complexity="1" crap="2" count="0"/>
      <line num="56" type="stmt" count="0"/>
      <line num="58" type="stmt" count="0"/>
      <line num="61" type="method" name="getFirstName" visibility="public" complexity="1" crap="1" count="2"/>
      <line num="63" type="stmt" count="2"/>
      <line num="66" type="method" name="setFirstName" visibility="public" complexity="1" crap="2" count="0"/>
      <line num="68" type="stmt" count="0"/>
      <line num="70" type="stmt" count="0"/>
      <line num="73" type="method" name="getLastName" visibility="public" complexity="1" crap="1" count="2"/>
      <line num="75" type="stmt" count="2"/>
      <line num="78" type="method" name="setLastName" visibility="public" complexity="1" crap="2" count="0"/>
      <line num="80" type="stmt" count="0"/>
      <line num="82" type="stmt" count="0"/>
      <line num="85" type="method" name="getUser" visibility="public" complexity="1" crap="2" count="0"/>
      <line num="87" type="stmt" count="0"/>
      <line num="90" type="method" name="setUser" visibility="public" complexity="1" crap="1" count="1"/>
      <line num="92" type="stmt" count="1"/>
      <line num="94" type="stmt" count="1"/>
      <line num="97" type="method" name="getEmail" visibility="public" complexity="1" crap="1" count="2"/>
      <line num="99" type="stmt" count="2"/>
      <line num="102" type="method" name="setEmail" visibility="public" complexity="1" crap="1" count="2"/>
      <line num="104" type="stmt" count="2"/>
      <line num="106" type="stmt" count="2"/>
      <metrics loc="109" ncloc="109" classes="1" methods="12" coveredmethods="8" conditionals="0" coveredconditionals="0" statements="18" coveredstatements="11" elements="30" coveredelements="19"/>
    </file>
    <file name="/home/runner/work/fastfony/fastfony/src/Entity/Page/Page.php">
      <class name="App\Entity\Page\Page" namespace="global">
        <metrics complexity="28" methods="18" coveredmethods="14" conditionals="0" coveredconditionals="0" statements="49" coveredstatements="33" elements="67" coveredelements="47"/>
      </class>
      <line num="107" type="method" name="__construct" visibility="public" complexity="1" crap="1" count="12"/>
      <line num="109" type="stmt" count="12"/>
      <line num="112" type="method" name="getId" visibility="public" complexity="1" crap="1" count="4"/>
      <line num="118" type="stmt" count="4"/>
      <line num="121" type="method" name="getTitle" visibility="public" complexity="1" crap="1" count="9"/>
      <line num="123" type="stmt" count="9"/>
      <line num="126" type="method" name="setTitle" visibility="public" complexity="1" crap="1" count="2"/>
      <line num="128" type="stmt" count="2"/>
      <line num="130" type="stmt" count="2"/>
      <line num="133" type="method" name="getContent" visibility="public" complexity="1" crap="1" count="1"/>
      <line num="135" type="stmt" count="1"/>
      <line num="138" type="method" name="getHtmlContent" visibility="public" complexity="5" crap="18.69" count="2"/>
      <line num="144" type="stmt" count="2"/>
      <line num="145" type="stmt" count="0"/>
      <line num="146" type="stmt" count="0"/>
      <line num="149" type="stmt" count="0"/>
      <line num="150" type="stmt" count="0"/>
      <line num="151" type="stmt" count="0"/>
      <line num="152" type="stmt" count="0"/>
      <line num="153" type="stmt" count="0"/>
      <line num="154" type="stmt" count="0"/>
      <line num="158" type="stmt" count="0"/>
      <line num="161" type="stmt" count="2"/>
      <line num="164" type="method" name="setContent" visibility="public" complexity="1" crap="1" count="3"/>
      <line num="166" type="stmt" count="3"/>
      <line num="168" type="stmt" count="3"/>
      <line num="171" type="method" name="getTemplate" visibility="public" complexity="1" crap="1" count="11"/>
      <line num="173" type="stmt" count="11"/>
      <line num="176" type="method" name="setTemplate" visibility="public" complexity="1" crap="1" count="3"/>
      <line num="178" type="stmt" count="3"/>
      <line num="180" type="stmt" count="3"/>
      <line num="183" type="method" name="getSlug" visibility="public" complexity="1" crap="1" count="2"/>
      <line num="185" type="stmt" count="2"/>
      <line num="188" type="method" name="setSlug" visibility="public" complexity="1" crap="2" count="0"/>
      <line num="190" type="stmt" count="0"/>
      <line num="192" type="stmt" count="0"/>
      <line num="195" type="method" name="isHomepage" visibility="public" complexity="1" crap="1" count="3"/>
      <line num="197" type="stmt" count="3"/>
      <line num="200" type="method" name="setHomepage" visibility="public" complexity="1" crap="1" count="2"/>
      <line num="202" type="stmt" count="2"/>
      <line num="204" type="stmt" count="2"/>
      <line num="210" type="method" name="getRecordCollections" visibility="public" complexity="1" crap="1" count="9"/>
      <line num="212" type="stmt" count="9"/>
      <line num="218" type="method" name="getRecordCollectionsAsArrayWithPublishedRecords" visibility="public" complexity="2" crap="2" count="9"/>
      <line num="224" type="stmt" count="9"/>
      <line num="225" type="stmt" count="9"/>
      <line num="226" type="stmt" count="8"/>
      <line num="229" type="stmt" count="9"/>
      <line num="232" type="method" name="addRecordCollection" visibility="public" complexity="2" crap="6" count="0"/>
      <line num="234" type="stmt" count="0"/>
      <line num="235" type="stmt" count="0"/>
      <line num="238" type="stmt" count="0"/>
      <line num="241" type="method" name="removeRecordCollection" visibility="public" complexity="1" crap="2" count="0"/>
      <line num="243" type="stmt" count="0"/>
      <line num="245" type="stmt" count="0"/>
      <line num="248" type="method" name="validateContentOrTemplate" visibility="public" complexity="5" crap="5" count="4"/>
      <line num="251" type="stmt" count="4"/>
      <line num="252" type="stmt" count="1"/>
      <line num="253" type="stmt" count="1"/>
      <line num="254" type="stmt" count="1"/>
      <line num="256" type="stmt" count="1"/>
      <line num="259" type="stmt" count="3"/>
      <line num="260" type="stmt" count="1"/>
[...]
      <line num="19" type="method" name="__construct" visibility="public" complexity="1" crap="1" count="1"/>
      <line num="21" type="stmt" count="1"/>
      <metrics loc="24" ncloc="21" classes="1" methods="1" coveredmethods="1" conditionals="0" coveredconditionals="0" statements="1" coveredstatements="1" elements="2" coveredelements="2"/>
    </file>
    <file name="/home/runner/work/fastfony/fastfony/src/Repository/User/RoleRepository.php">
      <class name="App\Repository\User\RoleRepository" namespace="global">
        <metrics complexity="1" methods="1" coveredmethods="1" conditionals="0" coveredconditionals="0" statements="1" coveredstatements="1" elements="2" coveredelements="2"/>
      </class>
      <line num="19" type="method" name="__construct" visibility="public" complexity="1" crap="1" count="4"/>
      <line num="21" type="stmt" count="4"/>
      <metrics loc="24" ncloc="21" classes="1" methods="1" coveredmethods="1" conditionals="0" coveredconditionals="0" statements="1" coveredstatements="1" elements="2" coveredelements="2"/>
    </file>
    <file name="/home/runner/work/fastfony/fastfony/src/Repository/User/Stripe/CustomerIdRepository.php">
      <class name="App\Repository\User\Stripe\CustomerIdRepository" namespace="global">
        <metrics complexity="1" methods="1" coveredmethods="1" conditionals="0" coveredconditionals="0" statements="1" coveredstatements="1" elements="2" coveredelements="2"/>
      </class>
      <line num="16" type="method" name="__construct" visibility="public" complexity="1" crap="1" count="1"/>
      <line num="18" type="stmt" count="1"/>
      <metrics loc="21" ncloc="18" classes="1" methods="1" coveredmethods="1" conditionals="0" coveredconditionals="0" statements="1" coveredstatements="1" elements="2" coveredelements="2"/>
    </file>
    <file name="/home/runner/work/fastfony/fastfony/src/Repository/User/UserRepository.php">
      <class name="App\Repository\User\UserRepository" namespace="global">
        <metrics complexity="13" methods="6" coveredmethods="5" conditionals="0" coveredconditionals="0" statements="49" coveredstatements="48" elements="55" coveredelements="53"/>
      </class>
      <line num="23" type="method" name="__construct" visibility="public" complexity="1" crap="1" count="33"/>
      <line num="25" type="stmt" count="33"/>
      <line num="28" type="method" name="countEnabled" visibility="public" complexity="1" crap="1" count="8"/>
      <line num="30" type="stmt" count="8"/>
      <line num="31" type="stmt" count="8"/>
      <line num="32" type="stmt" count="8"/>
      <line num="33" type="stmt" count="8"/>
      <line num="34" type="stmt" count="8"/>
      <line num="37" type="method" name="createSuperAdmin" visibility="public" complexity="2" crap="2.00" count="1"/>
      <line num="39" type="stmt" count="1"/>
      <line num="40" type="stmt" count="1"/>
      <line num="41" type="stmt" count="1"/>
      <line num="43" type="stmt" count="1"/>
      <line num="44" type="stmt" count="0"/>
      <line num="47" type="stmt" count="1"/>
      <line num="48" type="stmt" count="1"/>
      <line num="49" type="stmt" count="1"/>
      <line num="50" type="stmt" count="1"/>
      <line num="51" type="stmt" count="1"/>
      <line num="53" type="stmt" count="1"/>
      <line num="55" type="stmt" count="1"/>
      <line num="58" type="method" name="create" visibility="public" complexity="2" crap="2" count="4"/>
      <line num="60" type="stmt" count="4"/>
      <line num="61" type="stmt" count="4"/>
      <line num="64" type="stmt" count="4"/>
      <line num="65" type="stmt" count="4"/>
      <line num="66" type="stmt" count="4"/>
      <line num="68" type="stmt" count="4"/>
      <line num="69" type="stmt" count="4"/>
      <line num="72" type="stmt" count="4"/>
      <line num="74" type="stmt" count="4"/>
      <line num="77" type="method" name="updatePassword" visibility="public" complexity="2" crap="2" count="3"/>
      <line num="79" type="stmt" count="3"/>
      <line num="80" type="stmt" count="1"/>
      <line num="83" type="stmt" count="2"/>
      <line num="85" type="stmt" count="2"/>
      <line num="88" type="method" name="findByStripeIdOrEmail" visibility="public" complexity="5" crap="5" count="3"/>
      <line num="92" type="stmt" count="3"/>
      <line num="93" type="stmt" count="1"/>
      <line num="96" type="stmt" count="2"/>
      <line num="98" type="stmt" count="2"/>
      <line num="99" type="stmt" count="1"/>
      <line num="100" type="stmt" count="1"/>
      <line num="101" type="stmt" count="1"/>
      <line num="102" type="stmt" count="1"/>
      <line num="103" type="stmt" count="1"/>
      <line num="106" type="stmt" count="2"/>
      <line num="107" type="stmt" count="1"/>
      <line num="108" type="stmt" count="1"/>
      <line num="109" type="stmt" count="1"/>
      <line num="110" type="stmt" count="1"/>
      <line num="113" type="stmt" count="2"/>
      <line num="114" type="stmt" count="2"/>
      <line num="115" type="stmt" count="2"/>
      <line num="116" type="stmt" count="2"/>
      <metrics loc="119" ncloc="115" classes="1" methods="6" coveredmethods="5" conditionals="0" coveredconditionals="0" statements="49" coveredstatements="48" elements="55" coveredelements="53"/>
    </file>
    <file name="/home/runner/work/fastfony/fastfony/src/Security/EditInPlaceTranslatorRoleActivator.php">
      <class name="App\Security\EditInPlaceTranslatorRoleActivator" namespace="global">
        <metrics complexity="5" methods="2" coveredmethods="1" conditionals="0" coveredconditionals="0" statements="6" coveredstatements="4" elements="8" coveredelements="5"/>
      </class>
      <line num="14" type="method" name="__construct" visibility="public" complexity="1" crap="1" count="51"/>
      <line num="17" type="stmt" count="51"/>
      <line num="19" type="method" name="checkRequest" visibility="public" complexity="4" crap="5.02" count="25"/>
      <line num="23" type="stmt" count="25"/>
      <line num="24" type="stmt" count="10"/>
      <line num="27" type="stmt" count="18"/>
      <line num="28" type="stmt" count="0"/>
      <line num="29" type="stmt" count="0"/>
      <metrics loc="33" ncloc="32" classes="1" methods="2" coveredmethods="1" conditionals="0" coveredconditionals="0" statements="6" coveredstatements="4" elements="8" coveredelements="5"/>
    </file>
    <file name="/home/runner/work/fastfony/fastfony/src/Security/LoginLink.php">
      <class name="App\Security\LoginLink" namespace="global">
        <metrics complexity="9" methods="6" coveredmethods="6" conditionals="0" coveredconditionals="0" statements="26" coveredstatements="26" elements="32" coveredelements="32"/>
      </class>
      <line num="27" type="method" name="__construct" visibility="public" complexity="1" crap="1" count="7"/>
      <line num="34" type="stmt" count="7"/>
      <line num="36" type="method" name="send" visibility="public" complexity="3" crap="3" count="5"/>
      <line num="39" type="stmt" count="5"/>
      <line num="40" type="stmt" count="1"/>
      <line num="43" type="stmt" count="5"/>
      <line num="44" type="stmt" count="5"/>
      <line num="45" type="stmt" count="5"/>
      <line num="46" type="stmt" count="5"/>
      <line num="47" type="stmt" count="5"/>
      <line num="49" type="stmt" count="5"/>
      <line num="51" type="stmt" count="4"/>
      <line num="53" type="stmt" count="4"/>
      <line num="54" type="stmt" count="1"/>
      <line num="55" type="stmt" count="1"/>
      <line num="59" type="method" name="hasAlreadyTooMuchAsk" visibility="private" complexity="1" crap="1" count="5"/>
      <line num="61" type="stmt" count="5"/>
      <line num="69" type="method" name="getUserRecentlyAskLoginTime" visibility="private" complexity="2" crap="2" count="5"/>
      <line num="71" type="stmt" count="5"/>
      <line num="72" type="stmt" count="5"/>
      <line num="73" type="stmt" count="5"/>
      <line num="74" type="stmt" count="3"/>
      <line num="77" type="stmt" count="2"/>
      <line num="80" type="method" name="getCacheItemUserKey" visibility="private" complexity="1" crap="1" count="5"/>
      <line num="82" type="stmt" count="5"/>
      <line num="85" type="method" name="saveAskTimeInCache" visibility="private" complexity="1" crap="1" count="4"/>
      <line num="87" type="stmt" count="4"/>
      <line num="88" type="stmt" count="4"/>
      <line num="89" type="stmt" count="4"/>
      <line num="90" type="stmt" count="4"/>
      <line num="91" type="stmt" count="4"/>
      <line num="92" type="stmt" count="4"/>
      <metrics loc="95" ncloc="85" classes="1" methods="6" coveredmethods="6" conditionals="0" coveredconditionals="0" statements="26" coveredstatements="26" elements="32" coveredelements="32"/>
    </file>
    <file name="/home/runner/work/fastfony/fastfony/src/Security/UserChecker.php">
      <class name="App\Security\UserChecker" namespace="global">
        <metrics complexity="5" methods="2" coveredmethods="2" conditionals="0" coveredconditionals="0" statements="5" coveredstatements="5" elements="7" coveredelements="7"/>
      </class>
      <line num="14" type="method" name="checkPreAuth" visibility="public" complexity="4" crap="4" count="7"/>
      <line num="16" type="stmt" count="7"/>
      <line num="17" type="stmt" count="1"/>
      <line num="21" type="stmt" count="6"/>
      <line num="22" type="stmt" count="1"/>
      <line num="26" type="method" name="checkPostAuth" visibility="public" complexity="1" crap="1" count="2"/>
      <line num="29" type="stmt" count="2"/>
      <metrics loc="31" ncloc="29" classes="1" methods="2" coveredmethods="2" conditionals="0" coveredconditionals="0" statements="5" coveredstatements="5" elements="7" coveredelements="7"/>
    </file>
    <file name="/home/runner/work/fastfony/fastfony/src/Security/UserPassword.php">
      <class name="App\Security\UserPassword" namespace="global">
        <metrics complexity="2" methods="2" coveredmethods="2" conditionals="0" coveredconditionals="0" statements="7" coveredstatements="7" elements="9" coveredelements="9"/>
      </class>
      <line num="13" type="method" name="__construct" visibility="public" complexity="1" crap="1" count="2"/>
      <line num="17" type="stmt" count="2"/>
      <line num="19" type="method" name="change" visibility="public" complexity="1" crap="1" count="2"/>
      <line num="21" type="stmt" count="2"/>
      <line num="22" type="stmt" count="2"/>
      <line num="23" type="stmt" count="2"/>
      <line num="24" type="stmt" count="2"/>
      <line num="26" type="stmt" count="2"/>
      <line num="27" type="stmt" count="2"/>
      <metrics loc="30" ncloc="30" classes="1" methods="2" coveredmethods="2" conditionals="0" coveredconditionals="0" statements="7" coveredstatements="7" elements="9" coveredelements="9"/>
    </file>
    <file name="/home/runner/work/fastfony/fastfony/src/Serializer/ProfilePhotoNormalizer.php">
      <class name="App\Serializer\ProfilePhotoNormalizer" namespace="global">
        <metrics complexity="5" methods="4" coveredmethods="4" conditionals="0" coveredconditionals="0" statements="10" coveredstatements="10" elements="14" coveredelements="14"/>
      </class>
      <line num="16" type="method" name="__construct" visibility="public" complexity="1" crap="1" count="9"/>
      <line num="21" type="stmt" count="9"/>
      <line num="26" type="method" name="normalize" visibility="public" complexity="1" crap="1" count="1"/>
      <line num="31" type="stmt" count="1"/>
      <line num="33" type="stmt" count="1"/>
      <line num="35" type="stmt" count="1"/>
      <line num="41" type="method" name="supportsNormalization" visibility="public" complexity="2" crap="2" count="1"/>
      <line num="43" type="stmt" count="1"/>
      <line num="44" type="stmt" count="1"/>
      <line num="47" type="stmt" count="1"/>
      <line num="53" type="method" name="getSupportedTypes" visibility="public" complexity="1" crap="1" count="4"/>
      <line num="55" type="stmt" count="4"/>
      <line num="56" type="stmt" count="4"/>
      <line num="57" type="stmt" count="4"/>
      <metrics loc="60" ncloc="51" classes="1" methods="4" coveredmethods="4" conditionals="0" coveredconditionals="0" statements="10" coveredstatements="10" elements="14" coveredelements="14"/>
    </file>
    <file name="/home/runner/work/fastfony/fastfony/src/State/PublishedPageProvider.php">
      <class name="App\State\PublishedPageProvider" namespace="global">
        <metrics complexity="5" methods="2" coveredmethods="2" conditionals="0" coveredconditionals="0" statements="9" coveredstatements="9" elements="11" coveredelements="11"/>
      </class>
      <line num="17" type="method" name="__construct" visibility="public" complexity="1" crap="1" count="2"/>
      <line num="19" type="stmt" count="2"/>
      <line num="25" type="method" name="provide" visibility="public" complexity="4" crap="4" count="2"/>
      <line num="30" type="stmt" count="2"/>
      <line num="31" type="stmt" count="1"/>
      <line num="32" type="stmt" count="1"/>
      <line num="34" type="stmt" count="1"/>
      <line num="35" type="stmt" count="1"/>
      <line num="38" type="stmt" count="1"/>
      <line num="41" type="stmt" count="1"/>
      <line num="42" type="stmt" count="1"/>
      <metrics loc="45" ncloc="41" classes="1" methods="2" coveredmethods="2" conditionals="0" coveredconditionals="0" statements="9" coveredstatements="9" elements="11" coveredelements="11"/>
    </file>
    <file name="/home/runner/work/fastfony/fastfony/src/State/SelfUserProvider.php">
      <class name="App\State\SelfUserProvider" namespace="global">
        <metrics complexity="2" methods="2" coveredmethods="2" conditionals="0" coveredconditionals="0" statements="2" coveredstatements="2" elements="4" coveredelements="4"/>
      </class>
      <line num="14" type="method" name="__construct" visibility="public" complexity="1" crap="1" count="1"/>
      <line num="17" type="stmt" count="1"/>
      <line num="23" type="method" name="provide" visibility="public" complexity="1" crap="1" count="1"/>
      <line num="28" type="stmt" count="1"/>
      <metrics loc="31" ncloc="27" classes="1" methods="2" coveredmethods="2" conditionals="0" coveredconditionals="0" statements="2" coveredstatements="2" elements="4" coveredelements="4"/>
    </file>
    <file name="/home/runner/work/fastfony/fastfony/src/Twig/FeatureFlag.php">
      <class name="App\Twig\FeatureFlag" namespace="global">
        <metrics complexity="2" methods="2" coveredmethods="2" conditionals="0" coveredconditionals="0" statements="4" coveredstatements="4" elements="6" coveredelements="6"/>
      </class>
      <line num="13" type="method" name="__construct" visibility="public" complexity="1" crap="1" count="51"/>
      <line num="16" type="stmt" count="51"/>
      <line num="21" type="method" name="getFunctions" visibility="public" complexity="1" crap="1" count="17"/>
      <line num="23" type="stmt" count="17"/>
      <line num="24" type="stmt" count="17"/>
      <line num="25" type="stmt" count="17"/>
      <metrics loc="28" ncloc="25" classes="1" methods="2" coveredmethods="2" conditionals="0" coveredconditionals="0" statements="4" coveredstatements="4" elements="6" coveredelements="6"/>
    </file>
    <file name="/home/runner/work/fastfony/fastfony/src/Twig/Inspect.php">
      <class name="App\Twig\Inspect" namespace="global">
        <metrics complexity="2" methods="2" coveredmethods="2" conditionals="0" coveredconditionals="0" statements="4" coveredstatements="4" elements="6" coveredelements="6"/>
      </class>
      <line num="15" type="method" name="getFilters" visibility="public" complexity="1" crap="1" count="18"/>
      <line num="17" type="stmt" count="18"/>
      <line num="18" type="stmt" count="18"/>
      <line num="19" type="stmt" count="18"/>
      <line num="22" type="method" name="inspect" visibility="public" complexity="1" crap="1" count="1"/>
      <line num="25" type="stmt" count="1"/>
      <metrics loc="28" ncloc="24" classes="1" methods="2" coveredmethods="2" conditionals="0" coveredconditionals="0" statements="4" coveredstatements="4" elements="6" coveredelements="6"/>
    </file>
    <file name="/home/runner/work/fastfony/fastfony/src/Validator/UniqueHomepage.php">
      <class name="App\Validator\UniqueHomepage" namespace="global">
        <metrics complexity="1" methods="1" coveredmethods="1" conditionals="0" coveredconditionals="0" statements="1" coveredstatements="1" elements="2" coveredelements="2"/>
      </class>
      <line num="14" type="method" name="getTargets" visibility="public" complexity="1" crap="1" count="3"/>
      <line num="16" type="stmt" count="3"/>
      <metrics loc="19" ncloc="19" classes="1" methods="1" coveredmethods="1" conditionals="0" coveredconditionals="0" statements="1" coveredstatements="1" elements="2" coveredelements="2"/>
    </file>
    <file name="/home/runner/work/fastfony/fastfony/src/Validator/UniqueHomepageValidator.php">
      <class name="App\Validator\UniqueHomepageValidator" namespace="global">
        <metrics complexity="7" methods="2" coveredmethods="2" conditionals="0" coveredconditionals="0" statements="11" coveredstatements="11" elements="13" coveredelements="13"/>
      </class>
      <line num="16" type="method" name="__construct" visibility="public" complexity="1" crap="1" count="3"/>
      <line num="19" type="stmt" count="3"/>
      <line num="21" type="method" name="validate" visibility="public" complexity="6" crap="6" count="3"/>
      <line num="23" type="stmt" count="3"/>
      <line num="24" type="stmt" count="1"/>
      <line num="27" type="stmt" count="2"/>
      <line num="28" type="stmt" count="1"/>
      <line num="31" type="stmt" count="2"/>
      <line num="32" type="stmt" count="1"/>
      <line num="34" type="stmt" count="1"/>
      <line num="35" type="stmt" count="1"/>
      <line num="36" type="stmt" count="1"/>
      <line num="37" type="stmt" count="1"/>
      <metrics loc="42" ncloc="42" classes="1" methods="2" coveredmethods="2" conditionals="0" coveredconditionals="0" statements="11" coveredstatements="11" elements="13" coveredelements="13"/>
    </file>
    <file name="/home/runner/work/fastfony/fastfony/src/Validator/ValidJson.php">
      <class name="App\Validator\ValidJson" namespace="global">
        <metrics complexity="0" methods="0" coveredmethods="0" conditionals="0" coveredconditionals="0" statements="0" coveredstatements="0" elements="0" coveredelements="0"/>
      </class>
      <metrics loc="15" ncloc="15" classes="0" methods="0" coveredmethods="0" conditionals="0" coveredconditionals="0" statements="0" coveredstatements="0" elements="0" coveredelements="0"/>
    </file>
    <file name="/home/runner/work/fastfony/fastfony/src/Validator/ValidJsonValidator.php">
      <class name="App\Validator\ValidJsonValidator" namespace="global">
        <metrics complexity="6" methods="1" coveredmethods="1" conditionals="0" coveredconditionals="0" statements="7" coveredstatements="7" elements="8" coveredelements="8"/>
      </class>
      <line num="13" type="method" name="validate" visibility="public" complexity="6" crap="6" count="3"/>
      <line num="15" type="stmt" count="3"/>
      <line num="16" type="stmt" count="1"/>
      <line num="19" type="stmt" count="3"/>
      <line num="20" type="stmt" count="1"/>
      <line num="23" type="stmt" count="3"/>
      <line num="24" type="stmt" count="2"/>
      <line num="25" type="stmt" count="2"/>
      <metrics loc="29" ncloc="29" classes="1" methods="1" coveredmethods="1" conditionals="0" coveredconditionals="0" statements="7" coveredstatements="7" elements="8" coveredelements="8"/>
    </file>
    <metrics files="174" loc="10197" ncloc="9627" classes="162" methods="637" coveredmethods="521" conditionals="0" coveredconditionals="0" statements="2474" coveredstatements="2191" elements="3111" coveredelements="2712"/>
  </project>
</coverage>
